<?xml version="1.0" encoding="UTF-8"?>
<!-- Generated by org.testng.reporters.JUnitReportReporter -->
<testsuite hostname="Jasmeen" failures="0" tests="3" name="api.FastApiTest" time="5.358" errors="0" timestamp="2025-05-23T15:36:29 IST" skipped="0">
  <testcase classname="api.FastApiTest" name="testGetItems" time="0.140"/>
  <testcase classname="api.FastApiTest" name="testRoot" time="0.087"/>
  <testcase classname="api.FastApiTest" name="testCreateItem" time="5.131"/>
</testsuite> <!-- api.FastApiTest -->
